

Processing Rails::InfoController#properties (for 127.0.0.1 at 2010-01-30 18:28:46) [GET]
  [4;36;1mSQL (0.3ms)[0m   [0;1m SELECT name
 FROM sqlite_master
 WHERE type = 'table' AND NOT name = 'sqlite_sequence'
[0m
Completed in 53ms (View: 10, DB: 0) | 200 OK [http://localhost/rails/info/properties]
  [4;36;1mSQL (0.2ms)[0m   [0;1m SELECT name
 FROM sqlite_master
 WHERE type = 'table' AND NOT name = 'sqlite_sequence'
[0m
  [4;35;1mSQL (0.1ms)[0m   [0mselect sqlite_version(*)[0m
  [4;36;1mSQL (3.5ms)[0m   [0;1mCREATE TABLE "schema_migrations" ("version" varchar(255) NOT NULL) [0m
  [4;35;1mSQL (1.8ms)[0m   [0mCREATE UNIQUE INDEX "unique_schema_migrations" ON "schema_migrations" ("version")[0m
  [4;36;1mSQL (0.3ms)[0m   [0;1m SELECT name
 FROM sqlite_master
 WHERE type = 'table' AND NOT name = 'sqlite_sequence'
[0m
  [4;35;1mSQL (0.3ms)[0m   [0m SELECT name
 FROM sqlite_master
 WHERE type = 'table' AND NOT name = 'sqlite_sequence'
[0m
  [4;36;1mSQL (0.1ms)[0m   [0;1mSELECT version FROM schema_migrations[0m
  [4;35;1mSQL (0.1ms)[0m   [0m SELECT name
 FROM sqlite_master
 WHERE type = 'table' AND NOT name = 'sqlite_sequence'
[0m


Processing PagesController#home (for 127.0.0.1 at 2010-01-30 23:01:41) [GET]
Rendering pages/home
Completed in 41ms (View: 39, DB: 0) | 200 OK [http://localhost/pages/home]


Processing PagesController#about (for 127.0.0.1 at 2010-01-30 23:37:04) [GET]
Rendering pages/about
Completed in 8ms (View: 7, DB: 0) | 200 OK [http://localhost/pages/about]


Processing PagesController#home (for 127.0.0.1 at 2010-01-30 23:50:51) [GET]
Rendering pages/home
Completed in 2ms (View: 1, DB: 0) | 200 OK [http://localhost/pages/home]


Processing PagesController#home (for 127.0.0.1 at 2010-01-30 23:57:29) [GET]
Rendering pages/home
Completed in 5ms (View: 4, DB: 0) | 200 OK [http://localhost/pages/home]


Processing PagesController#index (for 127.0.0.1 at 2010-01-30 23:57:32) [GET]

ActionController::UnknownAction (No action responded to index. Actions: about, contact, and home):
  

Rendering rescues/layout (not_found)


Processing PagesController#about (for 127.0.0.1 at 2010-01-30 23:57:36) [GET]
Rendering pages/about
Completed in 40ms (View: 39, DB: 0) | 200 OK [http://localhost/pages/about]


Processing PagesController#contact (for 127.0.0.1 at 2010-01-30 23:57:43) [GET]
Rendering pages/contact
Completed in 5ms (View: 4, DB: 0) | 200 OK [http://localhost/pages/contact]


Processing PagesController#home (for 127.0.0.1 at 2010-01-31 00:08:05) [GET]
Rendering pages/home
Completed in 6ms (View: 4, DB: 0) | 200 OK [http://localhost/pages/home]


Processing PagesController#home (for 127.0.0.1 at 2010-01-31 00:12:32) [GET]
Rendering template within layouts/application
Rendering pages/home
Completed in 7ms (View: 6, DB: 0) | 200 OK [http://localhost/pages/home]


Processing PagesController#home (for 127.0.0.1 at 2010-01-31 00:12:33) [GET]
Rendering template within layouts/application
Rendering pages/home
Completed in 2ms (View: 1, DB: 0) | 200 OK [http://localhost/pages/home]


Processing PagesController#home (for 127.0.0.1 at 2010-01-31 00:13:47) [GET]
Rendering template within layouts/application
Rendering pages/home
Completed in 5ms (View: 4, DB: 0) | 200 OK [http://localhost/pages/home]


Processing PagesController#home (for 127.0.0.1 at 2010-01-31 00:14:37) [GET]
Rendering template within layouts/application
Rendering pages/home
Completed in 3ms (View: 2, DB: 0) | 200 OK [http://localhost/pages/home]


Processing PagesController#about (for 127.0.0.1 at 2010-01-31 00:14:41) [GET]
Rendering template within layouts/application
Rendering pages/about
Completed in 6ms (View: 5, DB: 0) | 200 OK [http://localhost/pages/about]
